<?xml version="1.0" encoding="UTF-8" ?>
<testsuite errors="0" failures="0" hostname="lx9-fuxi063" name="MaksukorttiTest" skipped="0" tests="10" time="0.087" timestamp="2019-11-08T19:50:46">
  <properties>
    <property name="javac.test.classpath" value=":build/classes:/usr/share/netbeans/10.0/platform/modules/ext/junit-4.12.jar:/usr/share/netbeans/10.0/platform/modules/ext/hamcrest-core-1.3.jar" />
    <property name="java.specification.version" value="11" />
    <property name="sun.cpu.isalist" value="" />
    <property name="jar.index.metainf" value="false" />
    <property name="javadoc.preview" value="true" />
    <property name="do.depend" value="false" />
    <property name="sun.arch.data.model" value="64" />
    <property name="test.binaryincludes" value="&lt;nothing&gt;" />
    <property name="nb.show.statistics.ui" value="usageStatisticsEnabled" />
    <property name="do.jlink" value="false" />
    <property name="debug-transport" value="dt_socket" />
    <property name="sun.font.fontmanager" value="sun.awt.X11FontManager" />
    <property name="java.vendor.url" value="https://ubuntu.com/" />
    <property name="annotation.processing.enabled" value="true" />
    <property name="libs.junit_5.src" value="" />
    <property name="debug.modulepath" value="" />
    <property name="libs.eclipselink.javadoc" value="" />
    <property name="libs.JWSAntTasks.javadoc" value="" />
    <property name="sun.boot.library.path" value="/usr/lib/jvm/java-11-openjdk-amd64/lib" />
    <property name="sun.java.command" value="org.apache.tools.ant.taskdefs.optional.junit.JUnitTestRunner MaksukorttiTest skipNonTests=false filtertrace=true haltOnError=false haltOnFailure=false showoutput=true outputtoformatters=true logfailedtests=true threadid=0 logtestlistenerevents=true formatter=org.apache.tools.ant.taskdefs.optional.junit.BriefJUnitResultFormatter formatter=org.apache.tools.ant.taskdefs.optional.junit.XMLJUnitResultFormatter,/home/tjvalkon/ot-harjoitustyo/laskarit/viikko2/Maksukortti/build/test/results/TEST-MaksukorttiTest.xml crashfile=/home/tjvalkon/ot-harjoitustyo/laskarit/viikko2/Maksukortti/build/junitvmwatcher1012840899149807104.properties propsfile=/home/tjvalkon/ot-harjoitustyo/laskarit/viikko2/Maksukortti/build/junit603391215647631205.properties" />
    <property name="libs.CopyLibs.src" value="" />
    <property name="jdk.debug" value="release" />
    <property name="javac.source" value="1.8" />
    <property name="java.specification.vendor" value="Oracle Corporation" />
    <property name="javadoc.use" value="true" />
    <property name="libs.javac-api.maven-pom" value="" />
    <property name="javadoc.notree" value="false" />
    <property name="java.version.date" value="2019-07-16" />
    <property name="java.home" value="/usr/lib/jvm/java-11-openjdk-amd64" />
    <property name="basedir" value="/home/tjvalkon/ot-harjoitustyo/laskarit/viikko2/Maksukortti" />
    <property name="application.vendor" value="tjvalkon" />
    <property name="work.dir" value="/home/tjvalkon/ot-harjoitustyo/laskarit/viikko2/Maksukortti" />
    <property name="javac.test.compilerargs" value="" />
    <property name="java.specification.name" value="Java Platform API Specification" />
    <property name="java.vm.specification.vendor" value="Oracle Corporation" />
    <property name="jna.boot.library.name" value="jnidispatch" />
    <property name="libs.PostgreSQLDriver.classpath" value="" />
    <property name="libs.javac-api.javadoc" value="" />
    <property name="libs.JAXB-ENDORSED.src" value="" />
    <property name="netbeans.extbrowser.manual_chrome_plugin_install" value="yes" />
    <property name="manifest.encoding" value="UTF-8" />
    <property name="netbeans.default_userdir_root" value="/home/tjvalkon/.netbeans" />
    <property name="sun.management.compiler" value="HotSpot 64-Bit Tiered Compilers" />
    <property name="jdk.home" value="/usr/lib/jvm/java-11-openjdk-amd64" />
    <property name="run.test.modulepath" value="" />
    <property name="java.runtime.version" value="11.0.4+11-post-Ubuntu-1ubuntu218.04.3" />
    <property name="libs.eclipselink.maven-pom" value="" />
    <property name="libs.JAXB-ENDORSED.javadoc" value="" />
    <property name="debug.test.modulepath" value="" />
    <property name="sun.java2d.noddraw" value="true" />
    <property name="file.encoding" value="UTF-8" />
    <property name="java.util.logging.config.class" value="org.netbeans.core.startup.TopLogging" />
    <property name="sun.zip.disableMemoryMapping" value="true" />
    <property name="jnidispatch.path" value="/usr/lib/x86_64-linux-gnu/jni/libjnidispatch.system.so" />
    <property name="https.nonProxyHosts" value="localhost|127.0.0.1|lx9-fuxi063" />
    <property name="libs.junit_5.javadoc" value="" />
    <property name="dist.archive.excludes" value="" />
    <property name="libs.absolutelayout.classpath" value="/usr/share/netbeans/10.0/java/modules/ext/AbsoluteLayout.jar" />
    <property name="java.io.tmpdir" value="/tmp" />
    <property name="org.openide.awt.ActionReference.completion" value="org.netbeans.modules.apisupport.project.layers.PathCompletions" />
    <property name="do.archive" value="true" />
    <property name="java.version" value="11.0.4" />
    <property name="java.vm.specification.name" value="Java Virtual Machine Specification" />
    <property name="java.awt.printerjob" value="sun.print.PSPrinterJob" />
    <property name="built-jar.properties" value="/home/tjvalkon/ot-harjoitustyo/laskarit/viikko2/Maksukortti/build/built-jar.properties" />
    <property name="nb.native.filechooser" value="false" />
    <property name="libs.testng.src" value="" />
    <property name="platform.active" value="default_platform" />
    <property name="libs.hamcrest.src" value="" />
    <property name="java.library.path" value="/usr/java/packages/lib:/usr/lib/x86_64-linux-gnu/jni:/lib/x86_64-linux-gnu:/usr/lib/x86_64-linux-gnu:/usr/lib/jni:/lib:/usr/lib" />
    <property name="manifest.file" value="manifest.mf" />
    <property name="java.vendor" value="Ubuntu" />
    <property name="libs.testng.javadoc" value="" />
    <property name="meta.inf.dir" value="src/META-INF" />
    <property name="sun.io.unicode.encoding" value="UnicodeLittle" />
    <property name="compile.on.save" value="true" />
    <property name="libs.testng.maven-pom" value="" />
    <property name="org.openide.version" value="deprecated" />
    <property name="sun.desktop" value="gnome" />
    <property name="default.javac.source" value="11" />
    <property name="netbeans.dynamic.classpath" value="/usr/share/netbeans/10.0/platform/core/org-netbeans-libs-asm.jar:/usr/share/netbeans/10.0/platform/core/core-base.jar:/usr/share/netbeans/10.0/platform/core/core.jar:/usr/share/netbeans/10.0/platform/core/asm-all-5.0.1.jar:/usr/share/netbeans/10.0/platform/core/org-openide-filesystems.jar:/usr/share/netbeans/10.0/platform/core/org-openide-filesystems-compat8.jar:/usr/share/netbeans/10.0/nb/core/org-netbeans-upgrader.jar:/usr/share/netbeans/10.0/nb/core/locale/core_nb.jar" />
    <property name="run.classpath" value=":build/classes" />
    <property name="libs.eclipselinkmodelgen.classpath" value="/usr/share/netbeans/10.0/java/modules/ext/eclipselink/org.eclipse.persistence.jpa.modelgen.processor-2.5.2.jar" />
    <property name="test.src.dir" value="test" />
    <property name="sun.awt.enableExtraMouseButtons" value="true" />
    <property name="org.openide.major.version" value="IDE/1" />
    <property name="netbeans.buildnumber" value="20190203-debian-10.0" />
    <property name="ap.proc.none.internal" value="" />
    <property name="org.openide.specification.version" value="6.2" />
    <property name="endorsed.classpath.cmd.line.arg" value="" />
    <property name="libs.jpa20-persistence.maven-pom" value="" />
    <property name="user.timezone" value="" />
    <property name="jar.index" value="false" />
    <property name="libs.jpa20-persistence.classpath" value="/usr/share/netbeans/10.0/java/modules/ext/eclipselink/javax.persistence-2.1.0.jar" />
    <property name="libs.CopyLibs.maven-pom" value="" />
    <property name="java.vm.specification.version" value="11" />
    <property name="libs.junit_5.classpath" value="" />
    <property name="os.name" value="Linux" />
    <property name="build.sysclasspath" value="ignore" />
    <property name="libs.eclipselinkmodelgen.javadoc" value="" />
    <property name="javadoc.noindex" value="false" />
    <property name="javadoc.private" value="false" />
    <property name="jdkBug6558476" value="false" />
    <property name="javadoc.author" value="false" />
    <property name="http.nonProxyHosts" value="localhost|127.0.0.1|lx9-fuxi063" />
    <property name="main.class" value="" />
    <property name="libs.JAXB-ENDORSED.maven-pom" value="" />
    <property name="ant.file.Maksukortti-impl" value="/home/tjvalkon/ot-harjoitustyo/laskarit/viikko2/Maksukortti/nbproject/build-impl.xml" />
    <property name="user.home" value="/home/tjvalkon" />
    <property name="source.encoding" value="UTF-8" />
    <property name="libs.eclipselinkmodelgen.maven-pom" value="" />
    <property name="jar.compress" value="false" />
    <property name="have.sources" value="true" />
    <property name="annotation.processing.processors.list" value="" />
    <property name="jlink.launcher" value="false" />
    <property name="javac.deprecation" value="false" />
    <property name="java.awt.graphicsenv" value="sun.awt.X11GraphicsEnvironment" />
    <property name="build.generated.sources.dir" value="build/generated-sources" />
    <property name="apple.awt.graphics.UseQuartz" value="true" />
    <property name="plugin.manager.check.updates" value="false" />
    <property name="run.jvmargs" value="" />
    <property name="netbeans.autoupdate.language" value="en" />
    <property name="build.compiler.emacs" value="true" />
    <property name="libs.eclipselinkmodelgen.src" value="" />
    <property name="build.classes.excludes" value="**/*.java,**/*.form" />
    <property name="dist.jar" value="dist/Maksukortti.jar" />
    <property name="ant.file" value="/home/tjvalkon/ot-harjoitustyo/laskarit/viikko2/Maksukortti/build.xml" />
    <property name="path.separator" value=":" />
    <property name="libs.JAXB-ENDORSED.classpath" value="/usr/share/netbeans/10.0/ide/modules/ext/jaxb/api/jaxb-api.jar" />
    <property name="os.version" value="5.0.0-25-generic" />
    <property name="netbeans.home" value="/usr/share/netbeans/10.0/platform" />
    <property name="libs.CopyLibs.javadoc" value="" />
    <property name="build.test.results.dir" value="build/test/results" />
    <property name="debug-transport-by-os" value="dt_socket" />
    <property name="ap.processors.internal" value="" />
    <property name="java.vm.name" value="OpenJDK 64-Bit Server VM" />
    <property name="os.arch" value="amd64" />
    <property name="build.generated.dir" value="build/generated" />
    <property name="libs.hamcrest.javadoc" value="" />
    <property name="libs.javac-api.src" value="" />
    <property name="do.jar" value="true" />
    <property name="java.vm.info" value="mixed mode, sharing" />
    <property name="run.test.classpath" value=":build/classes:/usr/share/netbeans/10.0/platform/modules/ext/junit-4.12.jar:/usr/share/netbeans/10.0/platform/modules/ext/hamcrest-core-1.3.jar:build/test/classes" />
    <property name="javadoc.encoding.used" value="UTF-8" />
    <property name="java.class.version" value="55.0" />
    <property name="src.dir" value="src" />
    <property name="org.netbeans.io.suspend" value="0" />
    <property name="ant.project.default-target" value="default" />
    <property name="debug.classpath" value=":build/classes" />
    <property name="awt.toolkit" value="sun.awt.X11.XToolkit" />
    <property name="excludes" value="" />
    <property name="ant.project.name" value="Maksukortti" />
    <property name="dist.javadoc.dir" value="dist/javadoc" />
    <property name="sun.jnu.encoding" value="UTF-8" />
    <property name="libs.junit_4.javadoc" value="" />
    <property name="run.test.jvmargs" value="" />
    <property name="default.javac.target" value="11" />
    <property name="javac.fork" value="true" />
    <property name="libs.eclipselink.classpath" value="/usr/share/netbeans/10.0/java/modules/ext/eclipselink/org.eclipse.persistence.core-2.5.2.jar:/usr/share/netbeans/10.0/java/modules/ext/eclipselink/org.eclipse.persistence.asm-2.5.2.jar:/usr/share/netbeans/10.0/java/modules/ext/eclipselink/org.eclipse.persistence.antlr-2.5.2.jar:/usr/share/netbeans/10.0/java/modules/ext/eclipselink/org.eclipse.persistence.jpa-2.5.2.jar:/usr/share/netbeans/10.0/java/modules/ext/eclipselink/org.eclipse.persistence.jpa.jpql-2.5.2.jar:/usr/share/netbeans/10.0/java/modules/ext/eclipselink/javax.persistence-2.1.0.jar" />
    <property name="sun.java2d.dpiaware" value="true" />
    <property name="libs.javac-api.classpath" value="" />
    <property name="netbeans.importclass" value="org.netbeans.upgrade.AutoUpgrade" />
    <property name="libs.PostgreSQLDriver.maven-pom" value="" />
    <property name="netbeans.autoupdate.version" value="1.23" />
    <property name="libs.absolutelayout.src" value="" />
    <property name="empty.dir" value="/home/tjvalkon/ot-harjoitustyo/laskarit/viikko2/Maksukortti/build/empty" />
    <property name="testng.mode" value="testng" />
    <property name="annotation.processing.enabled.in.editor" value="false" />
    <property name="netbeans.user" value="/home/tjvalkon/.netbeans/10.0" />
    <property name="file.separator" value="/" />
    <property name="java.vm.compressedOopsMode" value="Zero based" />
    <property name="line.separator" value="&#xa;" />
    <property name="javadoc.additionalparam" value="" />
    <property name="netbeans.productversion" value="Apache NetBeans IDE 10.0 (Build 20190203-debian-10.0)" />
    <property name="javac.debug" value="true" />
    <property name="libs.testng.classpath" value="/usr/share/netbeans/10.0/platform/modules/ext/testng-6.8.1-dist.jar" />
    <property name="mkdist.disabled" value="false" />
    <property name="user.name" value="tjvalkon" />
    <property name="build.classes.dir" value="build/classes" />
    <property name="nb.junit.single" value="false" />
    <property name="javadoc.windowtitle" value="" />
    <property name="nb.internal.action.name" value="test" />
    <property name="libs.absolutelayout.javadoc" value="" />
    <property name="annotation.processing.processor.options" value="" />
    <property name="dist.dir" value="dist" />
    <property name="build.dir" value="build" />
    <property name="jna.loaded" value="true" />
    <property name="libs.junit_5.maven-pom" value="" />
    <property name="netbeans.autoupdate.variant" value="" />
    <property name="libs.jpa20-persistence.javadoc" value="" />
    <property name="javadoc.version" value="false" />
    <property name="ant.junit.enabletestlistenerevents" value="true" />
    <property name="libs.JWSAntTasks.src" value="" />
    <property name="ant.home" value="/usr/share/netbeans/10.0/java/ant" />
    <property name="libs.CopyLibs.classpath" value="/usr/share/netbeans/10.0/java/ant/extra/org-netbeans-modules-java-j2seproject-copylibstask.jar" />
    <property name="debug.test.classpath" value=":build/classes:/usr/share/netbeans/10.0/platform/modules/ext/junit-4.12.jar:/usr/share/netbeans/10.0/platform/modules/ext/hamcrest-core-1.3.jar:build/test/classes" />
    <property name="sun.os.patch.level" value="unknown" />
    <property name="javac.external.vm" value="true" />
    <property name="have.tests" value="true" />
    <property name="testng.debug.mode" value="" />
    <property name="javac.target" value="1.8" />
    <property name="ant.version" value="Apache Ant(TM) version 1.10.5 compiled on March 28 2019" />
    <property name="libs.absolutelayout.maven-pom" value="" />
    <property name="javadoc.html5" value="false" />
    <property name="javac.test.processorpath" value=":build/classes:/usr/share/netbeans/10.0/platform/modules/ext/junit-4.12.jar:/usr/share/netbeans/10.0/platform/modules/ext/hamcrest-core-1.3.jar" />
    <property name="jdk.gtk.version" value="2.2" />
    <property name="java.failonerror" value="true" />
    <property name="netbeans.dirs" value="/usr/share/netbeans/10.0/nb:/usr/share/netbeans/10.0/ergonomics:/usr/share/netbeans/10.0/ide:/usr/share/netbeans/10.0/extide:/usr/share/netbeans/10.0/java:/usr/share/netbeans/10.0/apisupport:/usr/share/netbeans/10.0/webcommon:/usr/share/netbeans/10.0/websvccommon:/usr/share/netbeans/10.0/enterprise:/usr/share/netbeans/10.0/mobility:/usr/share/netbeans/10.0/profiler:/usr/share/netbeans/10.0/python:/usr/share/netbeans/10.0/php:/usr/share/netbeans/10.0/identity:/usr/share/netbeans/10.0/harness:/usr/share/netbeans/10.0/cnd:/usr/share/netbeans/10.0/cndext:/usr/share/netbeans/10.0/dlight:/usr/share/netbeans/10.0/groovy:/usr/share/netbeans/10.0/extra:/usr/share/netbeans/10.0/javacard:/usr/share/netbeans/10.0/javafx:" />
    <property name="javac.modulepath" value="" />
    <property name="user.properties.file" value="/home/tjvalkon/.netbeans/10.0/build.properties" />
    <property name="libs.hamcrest.maven-pom" value="" />
    <property name="netbeans.autoupdate.country" value="GB" />
    <property name="nb.wait.for.caches" value="true" />
    <property name="javac.processorpath" value="" />
    <property name="java.class.path" value="/home/tjvalkon/ot-harjoitustyo/laskarit/viikko2/Maksukortti/build/classes:/usr/share/netbeans/10.0/platform/modules/ext/junit-4.12.jar:/usr/share/netbeans/10.0/platform/modules/ext/hamcrest-core-1.3.jar:/home/tjvalkon/ot-harjoitustyo/laskarit/viikko2/Maksukortti/build/test/classes:/usr/share/netbeans/10.0/java/ant/lib/junit.jar:/usr/share/netbeans/10.0/java/ant/lib/ant-launcher.jar:/usr/share/netbeans/10.0/java/ant/lib/ant.jar:/usr/share/netbeans/10.0/java/ant/lib/ant-junit.jar:/usr/share/netbeans/10.0/java/ant/lib/ant-junit4.jar" />
    <property name="libs.JWSAntTasks.maven-pom" value="" />
    <property name="java.vm.vendor" value="Ubuntu" />
    <property name="ap.supported.internal" value="true" />
    <property name="netbeans.home+have.tests" value="true" />
    <property name="run.modulepath" value="" />
    <property name="test.binaryexcludes" value="" />
    <property name="do.archive+manifest.available" value="true" />
    <property name="javac.compilerargs" value="" />
    <property name="apple.laf.useScreenMenuBar" value="true" />
    <property name="ant.file.Maksukortti" value="/home/tjvalkon/ot-harjoitustyo/laskarit/viikko2/Maksukortti/build.xml" />
    <property name="sun.java.launcher" value="SUN_STANDARD" />
    <property name="user.country" value="GB" />
    <property name="libs.jpa20-persistence.src" value="" />
    <property name="endorsed.classpath" value="" />
    <property name="javac.test.sourcepath" value="/home/tjvalkon/ot-harjoitustyo/laskarit/viikko2/Maksukortti/build/empty" />
    <property name="sun.cpu.endian" value="little" />
    <property name="libs.junit_4.src" value="" />
    <property name="user.language" value="en" />
    <property name="copylibs.rebase" value="true" />
    <property name="includes" value="**" />
    <property name="javadoc.nonavbar" value="false" />
    <property name="ant.java.version" value="11" />
    <property name="libs.junit_4.classpath" value="/usr/share/netbeans/10.0/platform/modules/ext/junit-4.12.jar" />
    <property name="libs.hamcrest.classpath" value="/usr/share/netbeans/10.0/platform/modules/ext/hamcrest-core-1.3.jar" />
    <property name="jlink.launcher.name" value="Maksukortti" />
    <property name="javadoc.splitindex" value="true" />
    <property name="libs.JWSAntTasks.classpath" value="/usr/share/netbeans/10.0/java/ant/extra/org-netbeans-modules-javawebstart-anttasks.jar" />
    <property name="test.binarytestincludes" value="" />
    <property name="junit.available" value="true" />
    <property name="libs.junit_4.maven-pom" value="" />
    <property name="javac.processormodulepath" value="" />
    <property name="ant.file.type.Maksukortti-impl" value="file" />
    <property name="runtime.encoding" value="UTF-8" />
    <property name="javadoc.encoding" value="UTF-8" />
    <property name="javac.classpath" value="" />
    <property name="do.mkdist" value="true" />
    <property name="netbeans.hash.code" value="unique=NBUBU05f330e3b-0739-485f-b041-662d12c07524_35266f0d-a113-4cc4-b1c3-9286c0b78159" />
    <property name="nb.junit.batch" value="true" />
    <property name="jlink.strip" value="false" />
    <property name="netbeans.running.environment" value="gnome" />
    <property name="build.test.classes.dir" value="build/test/classes" />
    <property name="java.runtime.name" value="OpenJDK Runtime Environment" />
    <property name="manifest.available" value="true" />
    <property name="ant.project.invoked-targets" value="test" />
    <property name="run.jvmargs.ide" value="" />
    <property name="ap.cmd.line.internal" value="" />
    <property name="jna.platform.library.path" value="/usr/lib/x86_64-linux-gnu:/lib/x86_64-linux-gnu:/lib64:/usr/lib:/lib:/lib32:/usr/lib32:/usr/lib/x86_64-linux-gnu/libfakeroot" />
    <property name="ant.file.type.Maksukortti" value="file" />
    <property name="libs.PostgreSQLDriver.src" value="" />
    <property name="ant.core.lib" value="/usr/share/netbeans/10.0/java/ant/lib/ant.jar" />
    <property name="java.vendor.url.bug" value="https://bugs.launchpad.net/ubuntu/+source/openjdk-lts" />
    <property name="annotation.processing.source.output" value="build/generated-sources/ap-source-output" />
    <property name="javac.profile.cmd.line.arg" value="" />
    <property name="user.dir" value="/home/tjvalkon/ot-harjoitustyo/laskarit/viikko2/Maksukortti" />
    <property name="platform.java" value="/usr/lib/jvm/java-11-openjdk-amd64/bin/java" />
    <property name="application.title" value="Maksukortti" />
    <property name="application.args" value="" />
    <property name="javac.test.modulepath" value="" />
    <property name="ignore.failing.tests" value="true" />
    <property name="org.xml.sax.driver" value="com.sun.org.apache.xerces.internal.jaxp.SAXParserImpl$JAXPSAXParser" />
    <property name="libs.PostgreSQLDriver.javadoc" value="" />
    <property name="libs.eclipselink.src" value="" />
    <property name="java.vm.version" value="11.0.4+11-post-Ubuntu-1ubuntu218.04.3" />
    <property name="sun.awt.datatransfer.timeout" value="1000" />
    <property name="annotation.processing.run.all.processors" value="true" />
    <property name="junit.forkmode" value="perTest" />
  </properties>
  <testcase classname="MaksukorttiTest" name="konstruktoriAsettaaSaldonOikein" time="0.002" />
  <testcase classname="MaksukorttiTest" name="syoMaukkaastiEiVieSaldoaNegatiiviseksi" time="0.0" />
  <testcase classname="MaksukorttiTest" name="syoMaukkaastiPystyyOstamaanKunVainSenVerranRahaa" time="0.0" />
  <testcase classname="MaksukorttiTest" name="syoEdullisestiEiVieSaldoaNegatiiviseksi" time="0.001" />
  <testcase classname="MaksukorttiTest" name="kortinSaldoEiYlitaMaksimiarvoa" time="0.0" />
  <testcase classname="MaksukorttiTest" name="kortilleEiVoiLadataNegatiivistaRahaa" time="0.0" />
  <testcase classname="MaksukorttiTest" name="syoEdullisestiVahentaaSaldoaOikein" time="0.0" />
  <testcase classname="MaksukorttiTest" name="syoMaukkaastiVahentaaSaldoaOikein" time="0.0" />
  <testcase classname="MaksukorttiTest" name="syoEdullisestiPystyyOstamaanKunVainSenVerranRahaa" time="0.0" />
  <testcase classname="MaksukorttiTest" name="kortilleVoiLadataRahaa" time="0.0" />
  <system-out><![CDATA[]]></system-out>
  <system-err><![CDATA[]]></system-err>
</testsuite>
